<?xml version="1.0" encoding="UTF-8"?>
<!-- Generated by org.testng.reporters.JUnitXMLReporter -->
<testsuite hostname="DESKTOP-AS04SD4" ignored="0" name="SmokeTest - chrome" tests="1" failures="1" timestamp="05 Sep 2017 06:01:56 GMT" time="0.639" errors="0">
  <testcase name="@AfterClass tearDown" time="0.0" classname="Page_Setup.PageSetupBase">
    <failure type="java.lang.NullPointerException">
      <![CDATA[java.lang.NullPointerException
	at Page_Setup.PageSetupBase.tearDown(PageSetupBase.java:100)
	at java.util.concurrent.FutureTask.run(Unknown Source)
	at java.util.concurrent.ThreadPoolExecutor.runWorker(Unknown Source)
	at java.util.concurrent.ThreadPoolExecutor$Worker.run(Unknown Source)
	at java.lang.Thread.run(Unknown Source)
... Removed 16 stack frames]]>
    </failure>
  </testcase> <!-- @AfterClass tearDown -->
  <testcase name="TC_OderProduct" time="0.57" classname="Test_Scripts.Scripts_OderProductPage">
    <failure type="java.lang.NullPointerException">
      <![CDATA[java.lang.NullPointerException
	at org.openqa.selenium.support.pagefactory.DefaultElementLocator.findElement(DefaultElementLocator.java:69)
	at org.openqa.selenium.support.pagefactory.internal.LocatingElementHandler.invoke(LocatingElementHandler.java:38)
	at com.sun.proxy.$Proxy8.click(Unknown Source)
	at Page_Object.Object_OderProductPage.Click_Menu_Electronic(Object_OderProductPage.java:17)
	at Test_Scripts.Scripts_OderProductPage.TC_OderProduct(Scripts_OderProductPage.java:19)
	at java.util.concurrent.FutureTask.run(Unknown Source)
	at java.util.concurrent.ThreadPoolExecutor.runWorker(Unknown Source)
	at java.util.concurrent.ThreadPoolExecutor$Worker.run(Unknown Source)
	at java.lang.Thread.run(Unknown Source)
... Removed 16 stack frames]]>
    </failure>
  </testcase> <!-- TC_OderProduct -->
</testsuite> <!-- SmokeTest - chrome -->
