<?xml version="1.0" encoding="UTF-8"?>
<!-- Generated by org.testng.reporters.JUnitXMLReporter -->
<testsuite hostname="DESKTOP-AS04SD4" ignored="0" name="SmokeTest - chrome" tests="3" failures="0" timestamp="06 Sep 2017 04:06:20 GMT" time="31.169" errors="0">
  <testcase name="Testcase001_Register_Email_Exist" time="10.19" classname="Test_Scripts.Scripts_RegisterPage"/>
  <testcase name="Testcase002_Register_PassWorNotMatch" time="4.96" classname="Test_Scripts.Scripts_RegisterPage"/>
  <testcase name="Testcase003_Register_Valid_Data" time="3.611" classname="Test_Scripts.Scripts_RegisterPage"/>
</testsuite> <!-- SmokeTest - chrome -->
